<?xml version="1.0" encoding="UTF-8"?>
<!-- Generated by org.testng.reporters.JUnitReportReporter -->
<testsuite skipped="0" hostname="DESKTOP-ADQKDF9" name="classwork.GroupsDemo" tests="4" failures="0" timestamp="2020-07-12T14:31:53 PDT" time="10.754" errors="0">
  <testcase name="search" time="5.903" classname="classwork.GroupsDemo"/>
  <system-out/>
  <testcase name="home" time="2.055" classname="classwork.GroupsDemo"/>
  <system-out/>
  <testcase name="clickCart" time="1.780" classname="classwork.GroupsDemo"/>
  <system-out/>
  <testcase name="quit" time="1.016" classname="classwork.GroupsDemo"/>
  <system-out/>
</testsuite> <!-- classwork.GroupsDemo -->
