<?xml version="1.0" encoding="UTF-8"?>
<!-- Generated by org.testng.reporters.JUnitReportReporter -->
<testsuite skipped="0" hostname="DESKTOP-ADQKDF9" name="classwork.TestAnnotationUsage" tests="2" failures="0" timestamp="2020-07-12T12:22:05 PDT" time="19.960" errors="0">
  <testcase name="launch" time="8.373" classname="classwork.TestAnnotationUsage"/>
  <system-out/>
  <testcase name="login" time="11.587" classname="classwork.TestAnnotationUsage"/>
  <system-out/>
</testsuite> <!-- classwork.TestAnnotationUsage -->
