<?xml version="1.0" encoding="UTF-8"?>
<!-- Generated by org.testng.reporters.JUnitReportReporter -->
<testsuite skipped="0" hostname="DESKTOP-ADQKDF9" name="classwork.ParametersDemo" tests="3" failures="0" timestamp="2020-07-14T12:10:43 PDT" time="16.528" errors="0">
  <testcase name="launch" time="10.290" classname="classwork.ParametersDemo"/>
  <system-out/>
  <testcase name="search" time="5.331" classname="classwork.ParametersDemo"/>
  <system-out/>
  <testcase name="closeDriver" time="0.907" classname="classwork.ParametersDemo"/>
  <system-out/>
</testsuite> <!-- classwork.ParametersDemo -->
