<?xml version="1.0" encoding="UTF-8"?>
<!-- Generated by org.testng.reporters.JUnitReportReporter -->
<testsuite skipped="0" hostname="DESKTOP-ADQKDF9" name="classwork.BeforeAndAfterDemo" tests="2" failures="0" timestamp="2020-07-12T11:59:08 PDT" time="0.008" errors="0">
  <testcase name="homepage" time="0.006" classname="classwork.BeforeAndAfterDemo"/>
  <system-out/>
  <testcase name="login" time="0.002" classname="classwork.BeforeAndAfterDemo"/>
  <system-out/>
</testsuite> <!-- classwork.BeforeAndAfterDemo -->
